<?xml version="1.0" encoding="UTF-8"?>
<testsuite xmlns:xsi="http://www.w3.org/2001/XMLSchema-instance" xsi:noNamespaceSchemaLocation="https://maven.apache.org/surefire/maven-surefire-plugin/xsd/surefire-test-report.xsd" name="com.site.blog.my.core.IcebergBlogApplicationTests" time="3.203" tests="1" errors="0" skipped="0" failures="0">
  <properties>
    <property name="sun.desktop" value="windows"/>
    <property name="awt.toolkit" value="sun.awt.windows.WToolkit"/>
    <property name="file.encoding.pkg" value="sun.io"/>
    <property name="java.specification.version" value="1.8"/>
    <property name="sun.cpu.isalist" value="amd64"/>
    <property name="sun.jnu.encoding" value="GBK"/>
    <property name="java.class.path" value="D:\code\selfcode\Cerulean-BLOG\target\test-classes;D:\code\selfcode\Cerulean-BLOG\target\classes;D:\software\apache-maven-3.9.5-bin\repository\org\springframework\boot\spring-boot-starter-thymeleaf\2.1.0.RELEASE\spring-boot-starter-thymeleaf-2.1.0.RELEASE.jar;D:\software\apache-maven-3.9.5-bin\repository\org\springframework\boot\spring-boot-starter\2.1.0.RELEASE\spring-boot-starter-2.1.0.RELEASE.jar;D:\software\apache-maven-3.9.5-bin\repository\org\springframework\boot\spring-boot\2.1.0.RELEASE\spring-boot-2.1.0.RELEASE.jar;D:\software\apache-maven-3.9.5-bin\repository\org\springframework\boot\spring-boot-autoconfigure\2.1.0.RELEASE\spring-boot-autoconfigure-2.1.0.RELEASE.jar;D:\software\apache-maven-3.9.5-bin\repository\org\springframework\boot\spring-boot-starter-logging\2.1.0.RELEASE\spring-boot-starter-logging-2.1.0.RELEASE.jar;D:\software\apache-maven-3.9.5-bin\repository\ch\qos\logback\logback-classic\1.2.3\logback-classic-1.2.3.jar;D:\software\apache-maven-3.9.5-bin\repository\ch\qos\logback\logback-core\1.2.3\logback-core-1.2.3.jar;D:\software\apache-maven-3.9.5-bin\repository\org\apache\logging\log4j\log4j-to-slf4j\2.11.1\log4j-to-slf4j-2.11.1.jar;D:\software\apache-maven-3.9.5-bin\repository\org\apache\logging\log4j\log4j-api\2.11.1\log4j-api-2.11.1.jar;D:\software\apache-maven-3.9.5-bin\repository\org\slf4j\jul-to-slf4j\1.7.25\jul-to-slf4j-1.7.25.jar;D:\software\apache-maven-3.9.5-bin\repository\javax\annotation\javax.annotation-api\1.3.2\javax.annotation-api-1.3.2.jar;D:\software\apache-maven-3.9.5-bin\repository\org\yaml\snakeyaml\1.23\snakeyaml-1.23.jar;D:\software\apache-maven-3.9.5-bin\repository\org\thymeleaf\thymeleaf-spring5\3.0.11.RELEASE\thymeleaf-spring5-3.0.11.RELEASE.jar;D:\software\apache-maven-3.9.5-bin\repository\org\thymeleaf\thymeleaf\3.0.11.RELEASE\thymeleaf-3.0.11.RELEASE.jar;D:\software\apache-maven-3.9.5-bin\repository\org\attoparser\attoparser\2.0.5.RELEASE\attoparser-2.0.5.RELEASE.jar;D:\software\apache-maven-3.9.5-bin\repository\org\unbescape\unbescape\1.1.6.RELEASE\unbescape-1.1.6.RELEASE.jar;D:\software\apache-maven-3.9.5-bin\repository\org\slf4j\slf4j-api\1.7.25\slf4j-api-1.7.25.jar;D:\software\apache-maven-3.9.5-bin\repository\org\thymeleaf\extras\thymeleaf-extras-java8time\3.0.1.RELEASE\thymeleaf-extras-java8time-3.0.1.RELEASE.jar;D:\software\apache-maven-3.9.5-bin\repository\org\springframework\boot\spring-boot-starter-web\2.1.0.RELEASE\spring-boot-starter-web-2.1.0.RELEASE.jar;D:\software\apache-maven-3.9.5-bin\repository\org\springframework\boot\spring-boot-starter-json\2.1.0.RELEASE\spring-boot-starter-json-2.1.0.RELEASE.jar;D:\software\apache-maven-3.9.5-bin\repository\com\fasterxml\jackson\core\jackson-databind\2.9.7\jackson-databind-2.9.7.jar;D:\software\apache-maven-3.9.5-bin\repository\com\fasterxml\jackson\core\jackson-annotations\2.9.0\jackson-annotations-2.9.0.jar;D:\software\apache-maven-3.9.5-bin\repository\com\fasterxml\jackson\core\jackson-core\2.9.7\jackson-core-2.9.7.jar;D:\software\apache-maven-3.9.5-bin\repository\com\fasterxml\jackson\datatype\jackson-datatype-jdk8\2.9.7\jackson-datatype-jdk8-2.9.7.jar;D:\software\apache-maven-3.9.5-bin\repository\com\fasterxml\jackson\datatype\jackson-datatype-jsr310\2.9.7\jackson-datatype-jsr310-2.9.7.jar;D:\software\apache-maven-3.9.5-bin\repository\com\fasterxml\jackson\module\jackson-module-parameter-names\2.9.7\jackson-module-parameter-names-2.9.7.jar;D:\software\apache-maven-3.9.5-bin\repository\org\springframework\boot\spring-boot-starter-tomcat\2.1.0.RELEASE\spring-boot-starter-tomcat-2.1.0.RELEASE.jar;D:\software\apache-maven-3.9.5-bin\repository\org\apache\tomcat\embed\tomcat-embed-core\9.0.12\tomcat-embed-core-9.0.12.jar;D:\software\apache-maven-3.9.5-bin\repository\org\apache\tomcat\embed\tomcat-embed-el\9.0.12\tomcat-embed-el-9.0.12.jar;D:\software\apache-maven-3.9.5-bin\repository\org\apache\tomcat\embed\tomcat-embed-websocket\9.0.12\tomcat-embed-websocket-9.0.12.jar;D:\software\apache-maven-3.9.5-bin\repository\org\hibernate\validator\hibernate-validator\6.0.13.Final\hibernate-validator-6.0.13.Final.jar;D:\software\apache-maven-3.9.5-bin\repository\javax\validation\validation-api\2.0.1.Final\validation-api-2.0.1.Final.jar;D:\software\apache-maven-3.9.5-bin\repository\org\jboss\logging\jboss-logging\3.3.2.Final\jboss-logging-3.3.2.Final.jar;D:\software\apache-maven-3.9.5-bin\repository\com\fasterxml\classmate\1.4.0\classmate-1.4.0.jar;D:\software\apache-maven-3.9.5-bin\repository\org\springframework\spring-web\5.1.2.RELEASE\spring-web-5.1.2.RELEASE.jar;D:\software\apache-maven-3.9.5-bin\repository\org\springframework\spring-beans\5.1.2.RELEASE\spring-beans-5.1.2.RELEASE.jar;D:\software\apache-maven-3.9.5-bin\repository\org\springframework\spring-webmvc\5.1.2.RELEASE\spring-webmvc-5.1.2.RELEASE.jar;D:\software\apache-maven-3.9.5-bin\repository\org\springframework\spring-aop\5.1.2.RELEASE\spring-aop-5.1.2.RELEASE.jar;D:\software\apache-maven-3.9.5-bin\repository\org\springframework\spring-context\5.1.2.RELEASE\spring-context-5.1.2.RELEASE.jar;D:\software\apache-maven-3.9.5-bin\repository\org\springframework\spring-expression\5.1.2.RELEASE\spring-expression-5.1.2.RELEASE.jar;D:\software\apache-maven-3.9.5-bin\repository\org\springframework\session\spring-session-core\2.1.1.RELEASE\spring-session-core-2.1.1.RELEASE.jar;D:\software\apache-maven-3.9.5-bin\repository\org\springframework\spring-jcl\5.1.2.RELEASE\spring-jcl-5.1.2.RELEASE.jar;D:\software\apache-maven-3.9.5-bin\repository\org\mybatis\spring\boot\mybatis-spring-boot-starter\1.3.2\mybatis-spring-boot-starter-1.3.2.jar;D:\software\apache-maven-3.9.5-bin\repository\org\springframework\boot\spring-boot-starter-jdbc\2.1.0.RELEASE\spring-boot-starter-jdbc-2.1.0.RELEASE.jar;D:\software\apache-maven-3.9.5-bin\repository\com\zaxxer\HikariCP\3.2.0\HikariCP-3.2.0.jar;D:\software\apache-maven-3.9.5-bin\repository\org\springframework\spring-jdbc\5.1.2.RELEASE\spring-jdbc-5.1.2.RELEASE.jar;D:\software\apache-maven-3.9.5-bin\repository\org\springframework\spring-tx\5.1.2.RELEASE\spring-tx-5.1.2.RELEASE.jar;D:\software\apache-maven-3.9.5-bin\repository\org\mybatis\spring\boot\mybatis-spring-boot-autoconfigure\1.3.2\mybatis-spring-boot-autoconfigure-1.3.2.jar;D:\software\apache-maven-3.9.5-bin\repository\org\mybatis\mybatis\3.4.6\mybatis-3.4.6.jar;D:\software\apache-maven-3.9.5-bin\repository\org\mybatis\mybatis-spring\1.3.2\mybatis-spring-1.3.2.jar;D:\software\apache-maven-3.9.5-bin\repository\com\github\penggle\kaptcha\2.3.2\kaptcha-2.3.2.jar;D:\software\apache-maven-3.9.5-bin\repository\javax\servlet\javax.servlet-api\4.0.1\javax.servlet-api-4.0.1.jar;D:\software\apache-maven-3.9.5-bin\repository\com\jhlabs\filters\2.0.235-1\filters-2.0.235-1.jar;D:\software\apache-maven-3.9.5-bin\repository\com\atlassian\commonmark\commonmark\0.8.0\commonmark-0.8.0.jar;D:\software\apache-maven-3.9.5-bin\repository\com\atlassian\commonmark\commonmark-ext-gfm-tables\0.8.0\commonmark-ext-gfm-tables-0.8.0.jar;D:\software\apache-maven-3.9.5-bin\repository\mysql\mysql-connector-java\8.0.13\mysql-connector-java-8.0.13.jar;D:\software\apache-maven-3.9.5-bin\repository\org\springframework\boot\spring-boot-starter-test\2.1.0.RELEASE\spring-boot-starter-test-2.1.0.RELEASE.jar;D:\software\apache-maven-3.9.5-bin\repository\org\springframework\boot\spring-boot-test\2.1.0.RELEASE\spring-boot-test-2.1.0.RELEASE.jar;D:\software\apache-maven-3.9.5-bin\repository\org\springframework\boot\spring-boot-test-autoconfigure\2.1.0.RELEASE\spring-boot-test-autoconfigure-2.1.0.RELEASE.jar;D:\software\apache-maven-3.9.5-bin\repository\com\jayway\jsonpath\json-path\2.4.0\json-path-2.4.0.jar;D:\software\apache-maven-3.9.5-bin\repository\net\minidev\json-smart\2.3\json-smart-2.3.jar;D:\software\apache-maven-3.9.5-bin\repository\net\minidev\accessors-smart\1.2\accessors-smart-1.2.jar;D:\software\apache-maven-3.9.5-bin\repository\org\ow2\asm\asm\5.0.4\asm-5.0.4.jar;D:\software\apache-maven-3.9.5-bin\repository\junit\junit\4.12\junit-4.12.jar;D:\software\apache-maven-3.9.5-bin\repository\org\assertj\assertj-core\3.11.1\assertj-core-3.11.1.jar;D:\software\apache-maven-3.9.5-bin\repository\org\mockito\mockito-core\2.23.0\mockito-core-2.23.0.jar;D:\software\apache-maven-3.9.5-bin\repository\net\bytebuddy\byte-buddy\1.9.3\byte-buddy-1.9.3.jar;D:\software\apache-maven-3.9.5-bin\repository\net\bytebuddy\byte-buddy-agent\1.9.3\byte-buddy-agent-1.9.3.jar;D:\software\apache-maven-3.9.5-bin\repository\org\objenesis\objenesis\2.6\objenesis-2.6.jar;D:\software\apache-maven-3.9.5-bin\repository\org\hamcrest\hamcrest-core\1.3\hamcrest-core-1.3.jar;D:\software\apache-maven-3.9.5-bin\repository\org\hamcrest\hamcrest-library\1.3\hamcrest-library-1.3.jar;D:\software\apache-maven-3.9.5-bin\repository\org\skyscreamer\jsonassert\1.5.0\jsonassert-1.5.0.jar;D:\software\apache-maven-3.9.5-bin\repository\com\vaadin\external\google\android-json\0.0.20131108.vaadin1\android-json-0.0.20131108.vaadin1.jar;D:\software\apache-maven-3.9.5-bin\repository\org\springframework\spring-core\5.1.2.RELEASE\spring-core-5.1.2.RELEASE.jar;D:\software\apache-maven-3.9.5-bin\repository\org\springframework\spring-test\5.1.2.RELEASE\spring-test-5.1.2.RELEASE.jar;D:\software\apache-maven-3.9.5-bin\repository\org\xmlunit\xmlunit-core\2.6.2\xmlunit-core-2.6.2.jar;"/>
    <property name="java.vm.vendor" value="Amazon.com Inc."/>
    <property name="sun.arch.data.model" value="64"/>
    <property name="user.variant" value=""/>
    <property name="java.vendor.url" value="https://aws.amazon.com/corretto/"/>
    <property name="user.timezone" value="Asia/Shanghai"/>
    <property name="java.vm.specification.version" value="1.8"/>
    <property name="os.name" value="Windows 10"/>
    <property name="user.country" value="CN"/>
    <property name="sun.java.launcher" value="SUN_STANDARD"/>
    <property name="sun.boot.library.path" value="D:\software\javajdk\jre\bin"/>
    <property name="sun.java.command" value="C:\Users\ADMINI~1\AppData\Local\Temp\surefire8390873595273541237\surefirebooter3826868242671252554.jar C:\Users\Administrator\AppData\Local\Temp\surefire8390873595273541237 2024-11-07T15-58-47_731-jvmRun1 surefire3839123255419787202tmp surefire_07747116212378689093tmp"/>
    <property name="surefire.test.class.path" value="D:\code\selfcode\Cerulean-BLOG\target\test-classes;D:\code\selfcode\Cerulean-BLOG\target\classes;D:\software\apache-maven-3.9.5-bin\repository\org\springframework\boot\spring-boot-starter-thymeleaf\2.1.0.RELEASE\spring-boot-starter-thymeleaf-2.1.0.RELEASE.jar;D:\software\apache-maven-3.9.5-bin\repository\org\springframework\boot\spring-boot-starter\2.1.0.RELEASE\spring-boot-starter-2.1.0.RELEASE.jar;D:\software\apache-maven-3.9.5-bin\repository\org\springframework\boot\spring-boot\2.1.0.RELEASE\spring-boot-2.1.0.RELEASE.jar;D:\software\apache-maven-3.9.5-bin\repository\org\springframework\boot\spring-boot-autoconfigure\2.1.0.RELEASE\spring-boot-autoconfigure-2.1.0.RELEASE.jar;D:\software\apache-maven-3.9.5-bin\repository\org\springframework\boot\spring-boot-starter-logging\2.1.0.RELEASE\spring-boot-starter-logging-2.1.0.RELEASE.jar;D:\software\apache-maven-3.9.5-bin\repository\ch\qos\logback\logback-classic\1.2.3\logback-classic-1.2.3.jar;D:\software\apache-maven-3.9.5-bin\repository\ch\qos\logback\logback-core\1.2.3\logback-core-1.2.3.jar;D:\software\apache-maven-3.9.5-bin\repository\org\apache\logging\log4j\log4j-to-slf4j\2.11.1\log4j-to-slf4j-2.11.1.jar;D:\software\apache-maven-3.9.5-bin\repository\org\apache\logging\log4j\log4j-api\2.11.1\log4j-api-2.11.1.jar;D:\software\apache-maven-3.9.5-bin\repository\org\slf4j\jul-to-slf4j\1.7.25\jul-to-slf4j-1.7.25.jar;D:\software\apache-maven-3.9.5-bin\repository\javax\annotation\javax.annotation-api\1.3.2\javax.annotation-api-1.3.2.jar;D:\software\apache-maven-3.9.5-bin\repository\org\yaml\snakeyaml\1.23\snakeyaml-1.23.jar;D:\software\apache-maven-3.9.5-bin\repository\org\thymeleaf\thymeleaf-spring5\3.0.11.RELEASE\thymeleaf-spring5-3.0.11.RELEASE.jar;D:\software\apache-maven-3.9.5-bin\repository\org\thymeleaf\thymeleaf\3.0.11.RELEASE\thymeleaf-3.0.11.RELEASE.jar;D:\software\apache-maven-3.9.5-bin\repository\org\attoparser\attoparser\2.0.5.RELEASE\attoparser-2.0.5.RELEASE.jar;D:\software\apache-maven-3.9.5-bin\repository\org\unbescape\unbescape\1.1.6.RELEASE\unbescape-1.1.6.RELEASE.jar;D:\software\apache-maven-3.9.5-bin\repository\org\slf4j\slf4j-api\1.7.25\slf4j-api-1.7.25.jar;D:\software\apache-maven-3.9.5-bin\repository\org\thymeleaf\extras\thymeleaf-extras-java8time\3.0.1.RELEASE\thymeleaf-extras-java8time-3.0.1.RELEASE.jar;D:\software\apache-maven-3.9.5-bin\repository\org\springframework\boot\spring-boot-starter-web\2.1.0.RELEASE\spring-boot-starter-web-2.1.0.RELEASE.jar;D:\software\apache-maven-3.9.5-bin\repository\org\springframework\boot\spring-boot-starter-json\2.1.0.RELEASE\spring-boot-starter-json-2.1.0.RELEASE.jar;D:\software\apache-maven-3.9.5-bin\repository\com\fasterxml\jackson\core\jackson-databind\2.9.7\jackson-databind-2.9.7.jar;D:\software\apache-maven-3.9.5-bin\repository\com\fasterxml\jackson\core\jackson-annotations\2.9.0\jackson-annotations-2.9.0.jar;D:\software\apache-maven-3.9.5-bin\repository\com\fasterxml\jackson\core\jackson-core\2.9.7\jackson-core-2.9.7.jar;D:\software\apache-maven-3.9.5-bin\repository\com\fasterxml\jackson\datatype\jackson-datatype-jdk8\2.9.7\jackson-datatype-jdk8-2.9.7.jar;D:\software\apache-maven-3.9.5-bin\repository\com\fasterxml\jackson\datatype\jackson-datatype-jsr310\2.9.7\jackson-datatype-jsr310-2.9.7.jar;D:\software\apache-maven-3.9.5-bin\repository\com\fasterxml\jackson\module\jackson-module-parameter-names\2.9.7\jackson-module-parameter-names-2.9.7.jar;D:\software\apache-maven-3.9.5-bin\repository\org\springframework\boot\spring-boot-starter-tomcat\2.1.0.RELEASE\spring-boot-starter-tomcat-2.1.0.RELEASE.jar;D:\software\apache-maven-3.9.5-bin\repository\org\apache\tomcat\embed\tomcat-embed-core\9.0.12\tomcat-embed-core-9.0.12.jar;D:\software\apache-maven-3.9.5-bin\repository\org\apache\tomcat\embed\tomcat-embed-el\9.0.12\tomcat-embed-el-9.0.12.jar;D:\software\apache-maven-3.9.5-bin\repository\org\apache\tomcat\embed\tomcat-embed-websocket\9.0.12\tomcat-embed-websocket-9.0.12.jar;D:\software\apache-maven-3.9.5-bin\repository\org\hibernate\validator\hibernate-validator\6.0.13.Final\hibernate-validator-6.0.13.Final.jar;D:\software\apache-maven-3.9.5-bin\repository\javax\validation\validation-api\2.0.1.Final\validation-api-2.0.1.Final.jar;D:\software\apache-maven-3.9.5-bin\repository\org\jboss\logging\jboss-logging\3.3.2.Final\jboss-logging-3.3.2.Final.jar;D:\software\apache-maven-3.9.5-bin\repository\com\fasterxml\classmate\1.4.0\classmate-1.4.0.jar;D:\software\apache-maven-3.9.5-bin\repository\org\springframework\spring-web\5.1.2.RELEASE\spring-web-5.1.2.RELEASE.jar;D:\software\apache-maven-3.9.5-bin\repository\org\springframework\spring-beans\5.1.2.RELEASE\spring-beans-5.1.2.RELEASE.jar;D:\software\apache-maven-3.9.5-bin\repository\org\springframework\spring-webmvc\5.1.2.RELEASE\spring-webmvc-5.1.2.RELEASE.jar;D:\software\apache-maven-3.9.5-bin\repository\org\springframework\spring-aop\5.1.2.RELEASE\spring-aop-5.1.2.RELEASE.jar;D:\software\apache-maven-3.9.5-bin\repository\org\springframework\spring-context\5.1.2.RELEASE\spring-context-5.1.2.RELEASE.jar;D:\software\apache-maven-3.9.5-bin\repository\org\springframework\spring-expression\5.1.2.RELEASE\spring-expression-5.1.2.RELEASE.jar;D:\software\apache-maven-3.9.5-bin\repository\org\springframework\session\spring-session-core\2.1.1.RELEASE\spring-session-core-2.1.1.RELEASE.jar;D:\software\apache-maven-3.9.5-bin\repository\org\springframework\spring-jcl\5.1.2.RELEASE\spring-jcl-5.1.2.RELEASE.jar;D:\software\apache-maven-3.9.5-bin\repository\org\mybatis\spring\boot\mybatis-spring-boot-starter\1.3.2\mybatis-spring-boot-starter-1.3.2.jar;D:\software\apache-maven-3.9.5-bin\repository\org\springframework\boot\spring-boot-starter-jdbc\2.1.0.RELEASE\spring-boot-starter-jdbc-2.1.0.RELEASE.jar;D:\software\apache-maven-3.9.5-bin\repository\com\zaxxer\HikariCP\3.2.0\HikariCP-3.2.0.jar;D:\software\apache-maven-3.9.5-bin\repository\org\springframework\spring-jdbc\5.1.2.RELEASE\spring-jdbc-5.1.2.RELEASE.jar;D:\software\apache-maven-3.9.5-bin\repository\org\springframework\spring-tx\5.1.2.RELEASE\spring-tx-5.1.2.RELEASE.jar;D:\software\apache-maven-3.9.5-bin\repository\org\mybatis\spring\boot\mybatis-spring-boot-autoconfigure\1.3.2\mybatis-spring-boot-autoconfigure-1.3.2.jar;D:\software\apache-maven-3.9.5-bin\repository\org\mybatis\mybatis\3.4.6\mybatis-3.4.6.jar;D:\software\apache-maven-3.9.5-bin\repository\org\mybatis\mybatis-spring\1.3.2\mybatis-spring-1.3.2.jar;D:\software\apache-maven-3.9.5-bin\repository\com\github\penggle\kaptcha\2.3.2\kaptcha-2.3.2.jar;D:\software\apache-maven-3.9.5-bin\repository\javax\servlet\javax.servlet-api\4.0.1\javax.servlet-api-4.0.1.jar;D:\software\apache-maven-3.9.5-bin\repository\com\jhlabs\filters\2.0.235-1\filters-2.0.235-1.jar;D:\software\apache-maven-3.9.5-bin\repository\com\atlassian\commonmark\commonmark\0.8.0\commonmark-0.8.0.jar;D:\software\apache-maven-3.9.5-bin\repository\com\atlassian\commonmark\commonmark-ext-gfm-tables\0.8.0\commonmark-ext-gfm-tables-0.8.0.jar;D:\software\apache-maven-3.9.5-bin\repository\mysql\mysql-connector-java\8.0.13\mysql-connector-java-8.0.13.jar;D:\software\apache-maven-3.9.5-bin\repository\org\springframework\boot\spring-boot-starter-test\2.1.0.RELEASE\spring-boot-starter-test-2.1.0.RELEASE.jar;D:\software\apache-maven-3.9.5-bin\repository\org\springframework\boot\spring-boot-test\2.1.0.RELEASE\spring-boot-test-2.1.0.RELEASE.jar;D:\software\apache-maven-3.9.5-bin\repository\org\springframework\boot\spring-boot-test-autoconfigure\2.1.0.RELEASE\spring-boot-test-autoconfigure-2.1.0.RELEASE.jar;D:\software\apache-maven-3.9.5-bin\repository\com\jayway\jsonpath\json-path\2.4.0\json-path-2.4.0.jar;D:\software\apache-maven-3.9.5-bin\repository\net\minidev\json-smart\2.3\json-smart-2.3.jar;D:\software\apache-maven-3.9.5-bin\repository\net\minidev\accessors-smart\1.2\accessors-smart-1.2.jar;D:\software\apache-maven-3.9.5-bin\repository\org\ow2\asm\asm\5.0.4\asm-5.0.4.jar;D:\software\apache-maven-3.9.5-bin\repository\junit\junit\4.12\junit-4.12.jar;D:\software\apache-maven-3.9.5-bin\repository\org\assertj\assertj-core\3.11.1\assertj-core-3.11.1.jar;D:\software\apache-maven-3.9.5-bin\repository\org\mockito\mockito-core\2.23.0\mockito-core-2.23.0.jar;D:\software\apache-maven-3.9.5-bin\repository\net\bytebuddy\byte-buddy\1.9.3\byte-buddy-1.9.3.jar;D:\software\apache-maven-3.9.5-bin\repository\net\bytebuddy\byte-buddy-agent\1.9.3\byte-buddy-agent-1.9.3.jar;D:\software\apache-maven-3.9.5-bin\repository\org\objenesis\objenesis\2.6\objenesis-2.6.jar;D:\software\apache-maven-3.9.5-bin\repository\org\hamcrest\hamcrest-core\1.3\hamcrest-core-1.3.jar;D:\software\apache-maven-3.9.5-bin\repository\org\hamcrest\hamcrest-library\1.3\hamcrest-library-1.3.jar;D:\software\apache-maven-3.9.5-bin\repository\org\skyscreamer\jsonassert\1.5.0\jsonassert-1.5.0.jar;D:\software\apache-maven-3.9.5-bin\repository\com\vaadin\external\google\android-json\0.0.20131108.vaadin1\android-json-0.0.20131108.vaadin1.jar;D:\software\apache-maven-3.9.5-bin\repository\org\springframework\spring-core\5.1.2.RELEASE\spring-core-5.1.2.RELEASE.jar;D:\software\apache-maven-3.9.5-bin\repository\org\springframework\spring-test\5.1.2.RELEASE\spring-test-5.1.2.RELEASE.jar;D:\software\apache-maven-3.9.5-bin\repository\org\xmlunit\xmlunit-core\2.6.2\xmlunit-core-2.6.2.jar;"/>
    <property name="sun.cpu.endian" value="little"/>
    <property name="user.home" value="C:\Users\Administrator"/>
    <property name="user.language" value="zh"/>
    <property name="java.specification.vendor" value="Oracle Corporation"/>
    <property name="java.home" value="D:\software\javajdk\jre"/>
    <property name="basedir" value="D:\code\selfcode\Cerulean-BLOG"/>
    <property name="file.separator" value="\"/>
    <property name="line.separator" value="&#10;"/>
    <property name="java.vm.specification.vendor" value="Oracle Corporation"/>
    <property name="java.specification.name" value="Java Platform API Specification"/>
    <property name="java.awt.graphicsenv" value="sun.awt.Win32GraphicsEnvironment"/>
    <property name="surefire.real.class.path" value="C:\Users\ADMINI~1\AppData\Local\Temp\surefire8390873595273541237\surefirebooter3826868242671252554.jar"/>
    <property name="sun.boot.class.path" value="D:\software\javajdk\jre\lib\resources.jar;D:\software\javajdk\jre\lib\rt.jar;D:\software\javajdk\jre\lib\sunrsasign.jar;D:\software\javajdk\jre\lib\jsse.jar;D:\software\javajdk\jre\lib\jce.jar;D:\software\javajdk\jre\lib\charsets.jar;D:\software\javajdk\jre\lib\jfr.jar;D:\software\javajdk\jre\classes"/>
    <property name="user.script" value=""/>
    <property name="sun.management.compiler" value="HotSpot 64-Bit Tiered Compilers"/>
    <property name="java.runtime.version" value="1.8.0_392-b08"/>
    <property name="user.name" value="Administrator"/>
    <property name="path.separator" value=";"/>
    <property name="os.version" value="10.0"/>
    <property name="java.endorsed.dirs" value="D:\software\javajdk\jre\lib\endorsed"/>
    <property name="java.runtime.name" value="OpenJDK Runtime Environment"/>
    <property name="file.encoding" value="GBK"/>
    <property name="java.vm.name" value="OpenJDK 64-Bit Server VM"/>
    <property name="localRepository" value="D:\software\apache-maven-3.9.5-bin\repository"/>
    <property name="java.vendor.url.bug" value="https://github.com/corretto/corretto-8/issues/"/>
    <property name="java.io.tmpdir" value="C:\Users\ADMINI~1\AppData\Local\Temp\"/>
    <property name="idea.version" value="2023.2.3"/>
    <property name="java.version" value="1.8.0_392"/>
    <property name="user.dir" value="D:\code\selfcode\Cerulean-BLOG"/>
    <property name="os.arch" value="amd64"/>
    <property name="java.vm.specification.name" value="Java Virtual Machine Specification"/>
    <property name="java.awt.printerjob" value="sun.awt.windows.WPrinterJob"/>
    <property name="sun.os.patch.level" value=""/>
    <property name="java.library.path" value="D:\software\javajdk\jre\bin;C:\WINDOWS\Sun\Java\bin;C:\WINDOWS\system32;C:\WINDOWS;C:\Program Files\Common Files\Oracle\Java\javapath;C:\WINDOWS\system32;C:\WINDOWS;C:\WINDOWS\System32\Wbem;C:\WINDOWS\System32\WindowsPowerShell\v1.0\;C:\WINDOWS\System32\OpenSSH\;C:\Program Files\Microsoft SQL Server\150\Tools\Binn\;C:\Program Files\Microsoft SQL Server\Client SDK\ODBC\170\Tools\Binn\;C:\Program Files\dotnet\;C:\Program Files (x86)\Microsoft SQL Server\160\DTS\Binn\;C:\Program Files\Azure Data Studio\bin;C:\Program Files\Git\cmd;C:\Program Files (x86)\Microsoft SQL Server\160\Tools\Binn\;C:\Program Files\Microsoft SQL Server\160\Tools\Binn\;C:\Program Files\Microsoft SQL Server\160\DTS\Binn\;C:\Program Files\nodejs\;C:\Program Files (x86)\Yarn\bin\;D:\software\wechatdevtools\微信web开发者工具\dll;D:\software\apache-maven-3.9.5-bin\apache-maven-3.9.5\bin;D:\software\javajdk\bin;D:\software\redis\;C:\Users\Administrator\AppData\Local\Microsoft\WindowsApps;C:\Users\Administrator\.dotnet\tools;C:\Program Files\Azure Data Studio\bin;C:\Users\Administrator\AppData\Local\Programs\Microsoft VS Code\bin;C:\Users\Administrator\AppData\Roaming\npm;C:\Users\Administrator\AppData\Local\Yarn\bin;D:\software\Fiddler;C:\Program Files\JetBrains\IntelliJ IDEA 2023.2.3\bin;;C:\Program Files\nodejs;C:\Program Files\nodejs\node-global;;."/>
    <property name="java.vm.info" value="mixed mode"/>
    <property name="java.vendor" value="Amazon.com Inc."/>
    <property name="java.vm.version" value="25.392-b08"/>
    <property name="java.specification.maintenance.version" value="5"/>
    <property name="java.ext.dirs" value="D:\software\javajdk\jre\lib\ext;C:\WINDOWS\Sun\Java\lib\ext"/>
    <property name="sun.io.unicode.encoding" value="UnicodeLittle"/>
    <property name="maven.repo.local" value="D:\software\apache-maven-3.9.5-bin\repository"/>
    <property name="java.class.version" value="52.0"/>
  </properties>
  <testcase name="contextLoads" classname="com.site.blog.my.core.IcebergBlogApplicationTests" time="0.237"/>
</testsuite>